<?xml version="1.0" encoding="UTF-8"?>
<!-- Generated by org.testng.reporters.JUnitReportReporter -->
<testsuite skipped="0" hostname="User-PC" name="start.loginTest" tests="1" failures="0" timestamp="12 Apr 2018 09:44:20 GMT" time="15.090" errors="0">
  <testcase name="fa" time="15.090" classname="start.loginTest"/>
</testsuite> <!-- start.loginTest -->
