<?xml version="1.0" encoding="UTF-8"?>
<!-- Generated by org.testng.reporters.JUnitReportReporter -->
<testsuite skipped="0" hostname="User-PC" name="start.NewcontactTest" tests="3" failures="0" timestamp="12 Apr 2018 09:53:56 GMT" time="57.135" errors="0">
  <testcase name="f" time="35.322" classname="start.NewcontactTest"/>
  <testcase name="fa" time="9.075" classname="start.NewcontactTest"/>
  <testcase name="fab" time="12.738" classname="start.NewcontactTest"/>
</testsuite> <!-- start.NewcontactTest -->
