<?xml version="1.0" encoding="UTF-8"?>
<!-- Generated by org.testng.reporters.JUnitReportReporter -->
<testsuite skipped="0" hostname="User-PC" name="start.combineTest" tests="4" failures="0" timestamp="12 Apr 2018 10:02:08 GMT" time="58.599" errors="0">
  <testcase name="f" time="28.958" classname="start.combineTest"/>
  <testcase name="fa" time="9.362" classname="start.combineTest"/>
  <testcase name="fab" time="12.767" classname="start.combineTest"/>
  <testcase name="fabc" time="7.512" classname="start.combineTest"/>
</testsuite> <!-- start.combineTest -->
