<?xml version="1.0" encoding="UTF-8"?>
<!-- Generated by org.testng.reporters.JUnitReportReporter -->
<testsuite skipped="0" hostname="User-PC" name="start.ContactsTest" tests="2" failures="0" timestamp="12 Apr 2018 09:48:40 GMT" time="44.912" errors="0">
  <testcase name="f" time="35.913" classname="start.ContactsTest"/>
  <testcase name="fa" time="8.999" classname="start.ContactsTest"/>
</testsuite> <!-- start.ContactsTest -->
